[debug] [2020-07-12T11:48:33.110Z] ----------------------------------------------------------------------
[debug] [2020-07-12T11:48:33.112Z] Command:       C:\Program Files\nodejs\node.exe C:\Users\User 3\AppData\Roaming\npm\node_modules\firebase-tools\lib\bin\firebase.js serve --only functions,hosting
[debug] [2020-07-12T11:48:33.112Z] CLI Version:   8.5.0
[debug] [2020-07-12T11:48:33.113Z] Platform:      win32
[debug] [2020-07-12T11:48:33.113Z] Node Version:  v12.16.1
[debug] [2020-07-12T11:48:33.114Z] Time:          Sun Jul 12 2020 05:48:33 GMT-0600 (Mountain Daylight Time)
[debug] [2020-07-12T11:48:33.114Z] ----------------------------------------------------------------------
[debug] [2020-07-12T11:48:33.114Z] 
[debug] [2020-07-12T11:48:33.122Z] > command requires scopes: ["email","openid","https://www.googleapis.com/auth/cloudplatformprojects.readonly","https://www.googleapis.com/auth/firebase","https://www.googleapis.com/auth/cloud-platform"]
[debug] [2020-07-12T11:48:33.123Z] > authorizing via signed-in user
[debug] [2020-07-12T11:48:33.123Z] [iam] checking project hostingtest-cdb08 for permissions ["firebase.projects.get"]
[debug] [2020-07-12T11:48:33.127Z] >>> HTTP REQUEST POST https://cloudresourcemanager.googleapis.com/v1/projects/hostingtest-cdb08:testIamPermissions  
 {"permissions":["firebase.projects.get"]}
[debug] [2020-07-12T11:48:33.493Z] <<< HTTP RESPONSE 200 {"content-type":"application/json; charset=UTF-8","vary":"X-Origin, Referer, Origin,Accept-Encoding","date":"Sun, 12 Jul 2020 11:48:34 GMT","server":"ESF","cache-control":"private","x-xss-protection":"0","x-frame-options":"SAMEORIGIN","x-content-type-options":"nosniff","server-timing":"gfet4t7; dur=149","alt-svc":"h3-29=\":443\"; ma=2592000,h3-27=\":443\"; ma=2592000,h3-25=\":443\"; ma=2592000,h3-T050=\":443\"; ma=2592000,h3-Q050=\":443\"; ma=2592000,h3-Q046=\":443\"; ma=2592000,h3-Q043=\":443\"; ma=2592000,quic=\":443\"; ma=2592000; v=\"46,43\"","accept-ranges":"none","transfer-encoding":"chunked"}
[debug] [2020-07-12T11:48:33.494Z] >>> HTTP REQUEST GET https://firebase.googleapis.com/v1beta1/projects/hostingtest-cdb08  
 
[debug] [2020-07-12T11:48:33.806Z] <<< HTTP RESPONSE 200 {"content-type":"application/json; charset=UTF-8","vary":"X-Origin, Referer, Origin,Accept-Encoding","date":"Sun, 12 Jul 2020 11:48:34 GMT","server":"ESF","cache-control":"private","x-xss-protection":"0","x-frame-options":"SAMEORIGIN","x-content-type-options":"nosniff","alt-svc":"h3-29=\":443\"; ma=2592000,h3-27=\":443\"; ma=2592000,h3-25=\":443\"; ma=2592000,h3-T050=\":443\"; ma=2592000,h3-Q050=\":443\"; ma=2592000,h3-Q046=\":443\"; ma=2592000,h3-Q043=\":443\"; ma=2592000,quic=\":443\"; ma=2592000; v=\"46,43\"","accept-ranges":"none","transfer-encoding":"chunked"}
[debug] [2020-07-12T11:48:33.809Z] >>> HTTP REQUEST GET https://firebase.googleapis.com/v1beta1/projects/hostingtest-cdb08/webApps/-/config  
 
[debug] [2020-07-12T11:48:34.178Z] <<< HTTP RESPONSE 200 {"content-type":"application/json; charset=UTF-8","vary":"X-Origin, Referer, Origin,Accept-Encoding","date":"Sun, 12 Jul 2020 11:48:35 GMT","server":"ESF","cache-control":"private","x-xss-protection":"0","x-frame-options":"SAMEORIGIN","x-content-type-options":"nosniff","alt-svc":"h3-29=\":443\"; ma=2592000,h3-27=\":443\"; ma=2592000,h3-25=\":443\"; ma=2592000,h3-T050=\":443\"; ma=2592000,h3-Q050=\":443\"; ma=2592000,h3-Q046=\":443\"; ma=2592000,h3-Q043=\":443\"; ma=2592000,quic=\":443\"; ma=2592000; v=\"46,43\"","accept-ranges":"none","transfer-encoding":"chunked"}
[info] i  hosting: Serving hosting files from: public {"metadata":{"emulator":{"name":"hosting"},"message":"Serving hosting files from: \u001b[1mpublic\u001b[22m"}}
[info] +  hosting: Local server: http://localhost:5000 {"metadata":{"emulator":{"name":"hosting"},"message":"Local server: \u001b[4m\u001b[1mhttp://localhost:5000\u001b[22m\u001b[24m"}}
[warn] !  Your requested "node" version "10" doesn't match your global version "12" {"metadata":{"emulator":{"name":"functions"},"message":"Your requested \"node\" version \"10\" doesn't match your global version \"12\""}}
[info] i  functions: Watching "C:\Users\User 3\Documents\Coding\Firebase\Firebase1\functions" for Cloud Functions... {"metadata":{"emulator":{"name":"functions"},"message":"Watching \"C:\\Users\\User 3\\Documents\\Coding\\Firebase\\Firebase1\\functions\" for Cloud Functions..."}}
[debug] [2020-07-12T11:48:35.883Z] [worker-pool] addWorker(~diagnostic~) {"metadata":{"emulator":{"name":"functions"},"message":"[worker-pool] addWorker(~diagnostic~)"}}
[debug] [2020-07-12T11:48:35.883Z] [worker-pool] Adding worker with key ~diagnostic~, total=1 {"metadata":{"emulator":{"name":"functions"},"message":"[worker-pool] Adding worker with key ~diagnostic~, total=1"}}
[debug] [2020-07-12T11:48:35.883Z] [worker-pool] submitWork(triggerId=) {"metadata":{"emulator":{"name":"functions"},"message":"[worker-pool] submitWork(triggerId=)"}}
[debug] [2020-07-12T11:48:35.884Z] [worker-~diagnostic~-34b2574d-ae36-46d8-8dc2-a54185a76d52]: Assigning socketPath: \\?\pipe\C:\Users\User 3\Documents\Coding\Firebase\Firebase1\functions\13500 {"metadata":{"emulator":{"name":"functions"},"message":"[worker-~diagnostic~-34b2574d-ae36-46d8-8dc2-a54185a76d52]: Assigning socketPath: \\\\?\\pipe\\C:\\Users\\User 3\\Documents\\Coding\\Firebase\\Firebase1\\functions\\13500"}}
[debug] [2020-07-12T11:48:35.884Z] [worker-~diagnostic~-34b2574d-ae36-46d8-8dc2-a54185a76d52]: BUSY {"metadata":{"emulator":{"name":"functions"},"message":"[worker-~diagnostic~-34b2574d-ae36-46d8-8dc2-a54185a76d52]: BUSY"}}
[debug] [2020-07-12T11:48:36.249Z] [runtime-status] [13500] Functions runtime initialized. {"cwd":"C:\\Users\\User 3\\Documents\\Coding\\Firebase\\Firebase1\\functions","node_version":"12.16.1"} {"metadata":{"emulator":{"name":"functions"},"message":"[runtime-status] [13500] Functions runtime initialized. {\"cwd\":\"C:\\\\Users\\\\User 3\\\\Documents\\\\Coding\\\\Firebase\\\\Firebase1\\\\functions\",\"node_version\":\"12.16.1\"}"}}
[debug] [2020-07-12T11:48:36.250Z] [runtime-status] [13500] Disabled runtime features: undefined {"metadata":{"emulator":{"name":"functions"},"message":"[runtime-status] [13500] Disabled runtime features: undefined"}}
[debug] [2020-07-12T11:48:36.255Z] [runtime-status] [13500] Resolved module firebase-admin {"declared":true,"installed":true,"version":"8.13.0","resolution":"C:\\Users\\User 3\\Documents\\Coding\\Firebase\\Firebase1\\functions\\node_modules\\firebase-admin\\lib\\index.js"} {"metadata":{"emulator":{"name":"functions"},"message":"[runtime-status] [13500] Resolved module firebase-admin {\"declared\":true,\"installed\":true,\"version\":\"8.13.0\",\"resolution\":\"C:\\\\Users\\\\User 3\\\\Documents\\\\Coding\\\\Firebase\\\\Firebase1\\\\functions\\\\node_modules\\\\firebase-admin\\\\lib\\\\index.js\"}"}}
[debug] [2020-07-12T11:48:36.257Z] [runtime-status] [13500] Resolved module firebase-functions {"declared":true,"installed":true,"version":"3.7.0","resolution":"C:\\Users\\User 3\\Documents\\Coding\\Firebase\\Firebase1\\functions\\node_modules\\firebase-functions\\lib\\index.js"} {"metadata":{"emulator":{"name":"functions"},"message":"[runtime-status] [13500] Resolved module firebase-functions {\"declared\":true,\"installed\":true,\"version\":\"3.7.0\",\"resolution\":\"C:\\\\Users\\\\User 3\\\\Documents\\\\Coding\\\\Firebase\\\\Firebase1\\\\functions\\\\node_modules\\\\firebase-functions\\\\lib\\\\index.js\"}"}}
[debug] [2020-07-12T11:48:36.259Z] [runtime-status] [13500] Outgoing network have been stubbed. [{"name":"http","status":"mocked"},{"name":"http","status":"mocked"},{"name":"https","status":"mocked"},{"name":"https","status":"mocked"},{"name":"net","status":"mocked"}] {"metadata":{"emulator":{"name":"functions"},"message":"[runtime-status] [13500] Outgoing network have been stubbed. [{\"name\":\"http\",\"status\":\"mocked\"},{\"name\":\"http\",\"status\":\"mocked\"},{\"name\":\"https\",\"status\":\"mocked\"},{\"name\":\"https\",\"status\":\"mocked\"},{\"name\":\"net\",\"status\":\"mocked\"}]"}}
[debug] [2020-07-12T11:48:36.259Z] [runtime-status] [13500] Resolved module firebase-functions {"declared":true,"installed":true,"version":"3.7.0","resolution":"C:\\Users\\User 3\\Documents\\Coding\\Firebase\\Firebase1\\functions\\node_modules\\firebase-functions\\lib\\index.js"} {"metadata":{"emulator":{"name":"functions"},"message":"[runtime-status] [13500] Resolved module firebase-functions {\"declared\":true,\"installed\":true,\"version\":\"3.7.0\",\"resolution\":\"C:\\\\Users\\\\User 3\\\\Documents\\\\Coding\\\\Firebase\\\\Firebase1\\\\functions\\\\node_modules\\\\firebase-functions\\\\lib\\\\index.js\"}"}}
[debug] [2020-07-12T11:48:36.299Z] [runtime-status] [13500] Checked functions.config() {"config":{}} {"metadata":{"emulator":{"name":"functions"},"message":"[runtime-status] [13500] Checked functions.config() {\"config\":{}}"}}
[debug] [2020-07-12T11:48:36.300Z] [runtime-status] [13500] firebase-functions has been stubbed. {"functionsResolution":{"declared":true,"installed":true,"version":"3.7.0","resolution":"C:\\Users\\User 3\\Documents\\Coding\\Firebase\\Firebase1\\functions\\node_modules\\firebase-functions\\lib\\index.js"}} {"metadata":{"emulator":{"name":"functions"},"message":"[runtime-status] [13500] firebase-functions has been stubbed. {\"functionsResolution\":{\"declared\":true,\"installed\":true,\"version\":\"3.7.0\",\"resolution\":\"C:\\\\Users\\\\User 3\\\\Documents\\\\Coding\\\\Firebase\\\\Firebase1\\\\functions\\\\node_modules\\\\firebase-functions\\\\lib\\\\index.js\"}}"}}
[debug] [2020-07-12T11:48:36.300Z] [runtime-status] [13500] Resolved module firebase-functions {"declared":true,"installed":true,"version":"3.7.0","resolution":"C:\\Users\\User 3\\Documents\\Coding\\Firebase\\Firebase1\\functions\\node_modules\\firebase-functions\\lib\\index.js"} {"metadata":{"emulator":{"name":"functions"},"message":"[runtime-status] [13500] Resolved module firebase-functions {\"declared\":true,\"installed\":true,\"version\":\"3.7.0\",\"resolution\":\"C:\\\\Users\\\\User 3\\\\Documents\\\\Coding\\\\Firebase\\\\Firebase1\\\\functions\\\\node_modules\\\\firebase-functions\\\\lib\\\\index.js\"}"}}
[debug] [2020-07-12T11:48:36.301Z] [runtime-status] [13500] Resolved module firebase-admin {"declared":true,"installed":true,"version":"8.13.0","resolution":"C:\\Users\\User 3\\Documents\\Coding\\Firebase\\Firebase1\\functions\\node_modules\\firebase-admin\\lib\\index.js"} {"metadata":{"emulator":{"name":"functions"},"message":"[runtime-status] [13500] Resolved module firebase-admin {\"declared\":true,\"installed\":true,\"version\":\"8.13.0\",\"resolution\":\"C:\\\\Users\\\\User 3\\\\Documents\\\\Coding\\\\Firebase\\\\Firebase1\\\\functions\\\\node_modules\\\\firebase-admin\\\\lib\\\\index.js\"}"}}
[debug] [2020-07-12T11:48:36.302Z] [runtime-status] [13500] Resolved module firebase-functions {"declared":true,"installed":true,"version":"3.7.0","resolution":"C:\\Users\\User 3\\Documents\\Coding\\Firebase\\Firebase1\\functions\\node_modules\\firebase-functions\\lib\\index.js"} {"metadata":{"emulator":{"name":"functions"},"message":"[runtime-status] [13500] Resolved module firebase-functions {\"declared\":true,\"installed\":true,\"version\":\"3.7.0\",\"resolution\":\"C:\\\\Users\\\\User 3\\\\Documents\\\\Coding\\\\Firebase\\\\Firebase1\\\\functions\\\\node_modules\\\\firebase-functions\\\\lib\\\\index.js\"}"}}
[debug] [2020-07-12T11:48:36.302Z] [runtime-status] [13500] firebase-admin has been stubbed. {"adminResolution":{"declared":true,"installed":true,"version":"8.13.0","resolution":"C:\\Users\\User 3\\Documents\\Coding\\Firebase\\Firebase1\\functions\\node_modules\\firebase-admin\\lib\\index.js"}} {"metadata":{"emulator":{"name":"functions"},"message":"[runtime-status] [13500] firebase-admin has been stubbed. {\"adminResolution\":{\"declared\":true,\"installed\":true,\"version\":\"8.13.0\",\"resolution\":\"C:\\\\Users\\\\User 3\\\\Documents\\\\Coding\\\\Firebase\\\\Firebase1\\\\functions\\\\node_modules\\\\firebase-admin\\\\lib\\\\index.js\"}}"}}
[warn] !  It looks like you're trying to access functions.config().firebase but there is no value there. You can learn more about setting up config here: https://firebase.google.com/docs/functions/local-emulator {"metadata":{"emulator":{"name":"functions"},"message":"It looks like you're trying to access functions.config().firebase but there is no value there. You can learn more about setting up config here: https://firebase.google.com/docs/functions/local-emulator"}}
[debug] [2020-07-12T11:48:36.438Z] [runtime-status] [13500] initializeApp(DEFAULT) {"databaseURL":"https://hostingtest-cdb08.firebaseio.com","storageBucket":"hostingtest-cdb08.appspot.com","projectId":"hostingtest-cdb08"} {"metadata":{"emulator":{"name":"functions"},"message":"[runtime-status] [13500] initializeApp(DEFAULT) {\"databaseURL\":\"https://hostingtest-cdb08.firebaseio.com\",\"storageBucket\":\"hostingtest-cdb08.appspot.com\",\"projectId\":\"hostingtest-cdb08\"}"}}
[warn] !  ReferenceError: engines is not defined
    at Object.<anonymous> (C:\Users\User 3\Documents\Coding\Firebase\Firebase1\functions\index.js:16:19)
    at Module._compile (internal/modules/cjs/loader.js:1158:30)
    at Object.Module._extensions..js (internal/modules/cjs/loader.js:1178:10)
    at Module.load (internal/modules/cjs/loader.js:1002:32)
    at Function.Module._load (internal/modules/cjs/loader.js:901:14)
    at Module.require (internal/modules/cjs/loader.js:1044:19)
    at require (internal/modules/cjs/helpers.js:77:18)
    at C:\Users\User 3\AppData\Roaming\npm\node_modules\firebase-tools\lib\emulator\functionsEmulatorRuntime.js:661:33
    at Generator.next (<anonymous>)
    at fulfilled (C:\Users\User 3\AppData\Roaming\npm\node_modules\firebase-tools\lib\emulator\functionsEmulatorRuntime.js:5:58)
    at processTicksAndRejections (internal/process/task_queues.js:97:5) {"metadata":{"emulator":{"name":"functions"},"message":"ReferenceError: engines is not defined\n    at Object.<anonymous> (C:\\Users\\User 3\\Documents\\Coding\\Firebase\\Firebase1\\functions\\index.js:16:19)\n    at Module._compile (internal/modules/cjs/loader.js:1158:30)\n    at Object.Module._extensions..js (internal/modules/cjs/loader.js:1178:10)\n    at Module.load (internal/modules/cjs/loader.js:1002:32)\n    at Function.Module._load (internal/modules/cjs/loader.js:901:14)\n    at Module.require (internal/modules/cjs/loader.js:1044:19)\n    at require (internal/modules/cjs/helpers.js:77:18)\n    at C:\\Users\\User 3\\AppData\\Roaming\\npm\\node_modules\\firebase-tools\\lib\\emulator\\functionsEmulatorRuntime.js:661:33\n    at Generator.next (<anonymous>)\n    at fulfilled (C:\\Users\\User 3\\AppData\\Roaming\\npm\\node_modules\\firebase-tools\\lib\\emulator\\functionsEmulatorRuntime.js:5:58)\n    at processTicksAndRejections (internal/process/task_queues.js:97:5)"}}
[warn] !  We were unable to load your functions code. (see above) {"metadata":{"emulator":{"name":"functions"}}}
[debug] [2020-07-12T11:48:36.463Z] [worker-~diagnostic~-34b2574d-ae36-46d8-8dc2-a54185a76d52]: exited {"metadata":{"emulator":{"name":"functions"},"message":"[worker-~diagnostic~-34b2574d-ae36-46d8-8dc2-a54185a76d52]: exited"}}
[debug] [2020-07-12T11:48:36.463Z] [worker-~diagnostic~-34b2574d-ae36-46d8-8dc2-a54185a76d52]: FINISHED {"metadata":{"emulator":{"name":"functions"},"message":"[worker-~diagnostic~-34b2574d-ae36-46d8-8dc2-a54185a76d52]: FINISHED"}}
